[    0.000000] Initializing cgroup subsys cpuset
[    0.000000] Initializing cgroup subsys cpu
[    0.000000] Initializing cgroup subsys cpuacct
[    0.000000] Linux version 4.4.0-130-generic (buildd@lgw01-amd64-039) (gcc version 5.4.0 20160609 (Ubuntu 5.4.0-6ubuntu1~16.04.9) ) #156-Ubuntu SMP Thu Jun 14 08:53:28 UTC 2018 (Ubuntu 4.4.0-130.156-generic 4.4.134)
[    0.000000] Command line: BOOT_IMAGE=/boot/vmlinuz-4.4.0-130-generic root=UUID=84e91f24-0077-40f3-aab8-b49b8e1f4506 ro console=tty1 console=ttyS0
[    0.000000] KERNEL supported cpus:
[    0.000000]   Intel GenuineIntel
[    0.000000]   AMD AuthenticAMD
[    0.000000]   Centaur CentaurHauls
[    0.000000] x86/fpu: xstate_offset[2]:  576, xstate_sizes[2]:  256
[    0.000000] x86/fpu: Supporting XSAVE feature 0x01: 'x87 floating point registers'
[    0.000000] x86/fpu: Supporting XSAVE feature 0x02: 'SSE registers'
[    0.000000] x86/fpu: Supporting XSAVE feature 0x04: 'AVX registers'
[    0.000000] x86/fpu: Enabled xstate features 0x7, context size is 832 bytes, using 'standard' format.
[    0.000000] x86/fpu: Using 'eager' FPU context switches.
[    0.000000] e820: BIOS-provided physical RAM map:
[    0.000000] BIOS-e820: [mem 0x0000000000000000-0x000000000009fbff] usable
[    0.000000] BIOS-e820: [mem 0x000000000009fc00-0x000000000009ffff] reserved
[    0.000000] BIOS-e820: [mem 0x00000000000f0000-0x00000000000fffff] reserved
[    0.000000] BIOS-e820: [mem 0x0000000000100000-0x000000003ffeffff] usable
[    0.000000] BIOS-e820: [mem 0x000000003fff0000-0x000000003fffffff] ACPI data
[    0.000000] BIOS-e820: [mem 0x00000000fec00000-0x00000000fec00fff] reserved
[    0.000000] BIOS-e820: [mem 0x00000000fee00000-0x00000000fee00fff] reserved
[    0.000000] BIOS-e820: [mem 0x00000000fffc0000-0x00000000ffffffff] reserved
[    0.000000] NX (Execute Disable) protection: active
[    0.000000] SMBIOS 2.5 present.
[    0.000000] Hypervisor detected: KVM
[    0.000000] Kernel/User page tables isolation: disabled
[    0.000000] e820: last_pfn = 0x3fff0 max_arch_pfn = 0x400000000
[    0.000000] MTRR: Disabled
[    0.000000] x86/PAT: MTRRs disabled, skipping PAT initialization too.
[    0.000000] CPU MTRRs all blank - virtualized system.
[    0.000000] x86/PAT: Configuration [0-7]: WB  WT  UC- UC  WB  WT  UC- UC  
[    0.000000] found SMP MP-table at [mem 0x0009fff0-0x0009ffff] mapped at [ffff88000009fff0]
[    0.000000] Scanning 1 areas for low memory corruption
[    0.000000] RAMDISK: [mem 0x361ee000-0x370eefff]
[    0.000000] ACPI: Early table checksum verification disabled
[    0.000000] ACPI: RSDP 0x00000000000E0000 000024 (v02 VBOX  )
[    0.000000] ACPI: XSDT 0x000000003FFF0030 00003C (v01 VBOX   VBOXXSDT 00000001 ASL  00000061)
[    0.000000] ACPI: FACP 0x000000003FFF00F0 0000F4 (v04 VBOX   VBOXFACP 00000001 ASL  00000061)
[    0.000000] ACPI: DSDT 0x000000003FFF0470 0021FF (v02 VBOX   VBOXBIOS 00000002 INTL 20100528)
[    0.000000] ACPI: FACS 0x000000003FFF0200 000040
[    0.000000] ACPI: FACS 0x000000003FFF0200 000040
[    0.000000] ACPI: APIC 0x000000003FFF0240 00005C (v02 VBOX   VBOXAPIC 00000001 ASL  00000061)
[    0.000000] ACPI: SSDT 0x000000003FFF02A0 0001CC (v01 VBOX   VBOXCPUT 00000002 INTL 20100528)
[    0.000000] No NUMA configuration found
[    0.000000] Faking a node at [mem 0x0000000000000000-0x000000003ffeffff]
[    0.000000] NODE_DATA(0) allocated [mem 0x3ffeb000-0x3ffeffff]
[    0.000000] kvm-clock: Using msrs 4b564d01 and 4b564d00
[    0.000000] kvm-clock: cpu 0, msr 0:3ffe3001, primary cpu clock
[    0.000000] kvm-clock: using sched offset of 9464893036 cycles
[    0.000000] clocksource: kvm-clock: mask: 0xffffffffffffffff max_cycles: 0x1cd42e4dffb, max_idle_ns: 881590591483 ns
[    0.000000] Zone ranges:
[    0.000000]   DMA      [mem 0x0000000000001000-0x0000000000ffffff]
[    0.000000]  DMA32    [mem 0x0000000001000000-0x000000003ffeffff]
[    0.000000]   Normal   empty
[    0.000000]   Device   empty
[    0.000000] Movable zone start for each node
[    0.000000] Early memory node ranges
[    0.000000]   node   0: [mem 0x0000000000001000-0x000000000009efff]
[    0.000000]   node   0: [mem 0x0000000000100000-0x000000003ffeffff]
[    0.000000] Initmem setup node 0 [mem 0x0000000000001000-0x000000003ffeffff]
[   0.000000] ACPI: PM-Timer IO Port: 0x4008
[    0.000000] IOAPIC[0]: apic_id 2, version 32, address 0xfec00000, GSI 0-23
[    0.000000] ACPI: INT_SRC_OVR (bus 0 bus_irq 0 global_irq 2 dfl dfl)
[    0.000000] ACPI: INT_SRC_OVR (bus 0 bus_irq 9 global_irq 9 low level)
[    0.000000] Using ACPI (MADT) for SMP configuration information
[    0.000000] smpboot: Allowing 2 CPUs, 0 hotplug CPUs
[    0.000000] PM: Registered nosave memory: [mem 0x00000000-0x00000fff]
[    0.000000] PM: Registered nosave memory: [mem 0x0009f000-0x0009ffff]
[    0.000000] PM: Registered nosave memory: [mem 0x000a0000-0x000effff]
[    0.000000] PM: Registered nosave memory: [mem 0x000f0000-0x000fffff]
[    0.000000] e820: [mem 0x40000000-0xfebfffff] available for PCI devices
[    0.000000] Booting paravirtualized kernel on KVM
[    0.000000] clocksource: refined-jiffies: mask: 0xffffffff max_cycles: 0xffffffff, max_idle_ns: 7645519600211568 ns
[    0.000000] setup_percpu: NR_CPUS:512 nr_cpumask_bits:512 nr_cpu_ids:2 nr_node_ids:1
[    0.000000] PERCPU: Embedded 34 pages/cpu @ffff88003fc00000 s99544 r8192 d31528 u1048576
[    0.000000] PV qspinlock hash table entries: 256 (order: 0, 4096 bytes)
[    0.000000] Built 1 zonelists in Node order, mobility grouping on.  Total pages: 257912
[    0.000000] Policy zone: DMA32
[   0.000000] Kernel command line: BOOT_IMAGE=/boot/vmlinuz-4.4.0-130-generic root=UUID=84e91f24-0077-40f3-aab8-b49b8e1f4506 ro console=tty1 console=ttyS0
[    0.000000] PID hash table entries: 4096 (order: 3, 32768 bytes)
[    0.000000] Memory: 997152K/1048120K available (8546K kernel code, 1313K rwdata, 4000K rodata, 1516K init, 1316K bss, 50968K reserrved, 0K cma-reserved)
[    0.000000] SLUB: HWalign=64, Order=0-3, MinObjects=0, CPUs=2, Nodes=1
[    0.000000] Hierarchical RCU implementation.
[    0.000000] 	Build-time adjustment of leaf fanout to 64.
[    0.000000] 	RCU restricting CPUs from NR_CPUS=512 to nr_cpu_ids=2.
[    0.000000] RCU: Adjusting geometry for rcu_fanout_leaf=64, nr_cpu_ids=2
[    0.000000] NR_IRQS:33024 nr_irqs:440 16
[    0.000000] Console: colour VGA+ 80x25
[    0.000000] console [tty1] enabled
[    0.000000] console [ttyS0] enabled
[    0.000000] tsc: Detected 2195.884 MHz processor
[    0.000000] tsc: Marking TSC unstable due to TSCs unsynchronized
[    0.004000] Calibrating delay loop (skipped) preset value.. 4391.76 BogoMIPS (lpj=8783536)
[    0.004000] pid_max: default: 32768 minimum: 301
[    0.004000] ACPI: Core revision 20150930
[    0.004000] ACPI: 2 ACPI AML tables successfully acquired and loaded
[    0.004000] Security Framework initialized
[    0.004027] Yama: becoming mindful.
[    0.008067] AppArmor: AppArmor initialized
[    0.012231] Dentry cache hash table entries: 131072 (order: 8, 1048576 bytes)
[    0.016743] Inode-cache hash table entries: 65536 (order: 7, 524288 bytes)
[    0.028182] Mount-cache hash table entries: 2048 (order: 2, 16384 bytes)
[    0.032045] Mountpoint-cache hash table entries: 2048 (order: 2, 16384 bytes)
[    0.036567] Initializing cgroup subsys io
[    0.040049] Initializing cgroup subsys memory
[    0.044066] Initializing cgroup subsys devices
[    0.048052] Initializing cgroup subsys freezer
[    0.052049] Initializing cgroup subsys net_cls
[    0.056046] Initializing cgroup subsys perf_event
[    0.060027] Initializing cgroup subsys net_prio
[    0.064065] Initializing cgroup subsys hugetlb
[    0.068040] Initializing cgroup subsys pids
[    0.072312] Disabling Indirect Branch Predictor Support
[    0.076033] CPU: Physical Processor ID: 0
[    0.080029] CPU: Processor Core ID: 0
[    0.113361] mce: CPU supports 0 MCE banks
[    0.116104] Last level iTLB entries: 4KB 512, 2MB 8, 4MB 4
[    0.120029] Last level dTLB entries: 4KB 512, 2MB 256, 4MB 128, 1GB 0
[    0.124029] Spectre V2 : LFENCE not serializing. Switching to generic retpoline
[    0.128028] Spectre V2 : Mitigation: Full generic retpoline
[    0.132023] Spectre V2 : Speculation control IBPB not-supported IBRS not-supported
[    0.136026] Spectre V2 : Filling RSB on context switch
[    0.140030] Speculative Store Bypass: Mitigation: Speculative Store Bypass disabled via prctl and seccomp
[    0.153530] Freeing SMP alternatives memory: 32K
[    0.186829] ftrace: allocating 32245 entries in 126 pages
[    0.248261] smpboot: APIC(0) Converting physical 0 to logical package 0
[    0.252037] smpboot: Max logical packages: 1
[    0.257277] x2apic enabled
[    0.260036] Switched APIC routing to physical x2apic.
[    0.271346] ..TIMER: vector=0x30 apic1=0 pin1=2 apic2=-1 pin2=-1
[    0.276000] smpboot: CPU0: AMD A8-7410 APU with AMD Radeon R5 Graphics (family: 0x16, model: 0x30, stepping: 0x1)
[    0.280050] Performance Events: Broken PMU hardware detected, using software events only.
[    0.288027] Failed to access perfctr msr (MSR c0010007 is 0)
[    0.292137] KVM setup paravirtual spinlock
[    0.298888] x86: Booting SMP configuration:
[    0.300029] .... node  #0, CPUs:      #1
[    0.004000] kvm-clock: cpu 1, msr 0:3ffe3041, secondary cpu clock
[    0.004000] mce: CPU supports 0 MCE banks
[    0.346121] x86: Booted up 1 node, 2 CPUs
[    0.348028] smpboot: Total of 2 processors activated (8783.53 BogoMIPS)
[    0.353003] devtmpfs: initialized
[    0.364130] evm: security.selinux
[    0.367242] evm: security.SMACK64
[    0.372019] evm: security.SMACK64EXEC
[    0.372023] evm: security.SMACK64TRANSMUTE
[    0.380018] evm: security.SMACK64MMAP
[    0.384008] evm: security.ima
[    0.388014] evm: security.capability
[    0.392472] clocksource: jiffies: mask: 0xffffffff max_cycles: 0xffffffff, max_idle_ns: 7645041785100000 ns
[    0.404069] futex hash table entries: 512 (order: 3, 32768 bytes)
[    0.412185] pinctrl core: initialized pinctrl subsystem
[    0.416607] RTC time:  7:11:52, date: 07/26/18
[    0.420993] NET: Registered protocol family 16
[    0.432045] cpuidle: using governor ladder
[    0.444041] cpuidle: using governor menu
[    0.448051] PCCT header not found.
[    0.452922] ACPI: bus type PCI registered
[    0.456024] acpiphp: ACPI Hot Plug PCI Controller Driver version: 0.5
[    0.460414] PCI: Using configuration type 1 for base access
[    0.464019] PCI: Using configuration type 1 for extended access
[    0.480334] ACPI: Added _OSI(Module Device)
[    0.484065] ACPI: Added _OSI(Processor Device)
[    0.488028] ACPI: Added _OSI(3.0 _SCP Extensions)
[    0.492030] ACPI: Added _OSI(Processor Aggregator Device)
[    0.498366] ACPI: Executed 1 blocks of module-level executable AML code
[    0.511598] ACPI: Interpreter enabled
[    0.512067] ACPI: (supports S0 S5)
[    0.516023] ACPI: Using IOAPIC for interrupt routing
[    0.520739] PCI: Using host bridge windows from ACPI; if necessary, use "pci=nocrs" and report a bug
[    0.545439] ACPI: PCI Root Bridge [PCI0] (domain 0000 [bus 00-ff])
[    0.548052] acpi PNP0A03:00: _OSC: OS supports [ExtendedConfig ASPM ClockPM Segments MSI]
[    0.552207] acpi PNP0A03:00: _OSC: OS now controls [PCIeHotplug PME AER PCIeCapability]
[    0.560857] PCI host bridge to bus 0000:00
[    0.564027] pci_bus 0000:00: root bus resource [io  0x0000-0x0cf7 window]
[    0.568030] pci_bus 0000:00: root bus resource [io  0x0d00-0xffff window]
[    0.572023] pci_bus 0000:00: root bus resource [mem 0x000a0000-0x000bffff window]
[    0.576038] pci_bus 0000:00: root bus resource [mem 0x40000000-0xfdffffff window]
[    0.580030] pci_bus 0000:00: root bus resource [bus 00-ff]
[    0.595287] pci 0000:00:01.1: legacy IDE quirk: reg 0x10: [io  0x01f0-0x01f7]
[    0.596028] pci 0000:00:01.1: legacy IDE quirk: reg 0x14: [io  0x03f6]
[    0.600026] pci 0000:00:01.1: legacy IDE quirk: reg 0x18: [io  0x0170-0x0177]
[    0.604032] pci 0000:00:01.1: legacy IDE quirk: reg 0x1c: [io  0x0376]
[    0.668422] pci 0000:00:07.0: quirk: [io  0x4000-0x403f] claimed by PIIX4 ACPI
[    0.672132] pci 0000:00:07.0: quirk: [io  0x4100-0x410f] claimed by PIIX4 SMB
[    0.700000] ACPI: PCI Interrupt Link [LNKA] (IRQs 5 9 10 *11)
[    0.706133] ACPI: PCI Interrupt Link [LNKB] (IRQs 5 9 *10 11)
[    0.711192] ACPI: PCI Interrupt Link [LNKC] (IRQs 5 *9 10 11)
[    0.716048] ACPI: PCI Interrupt Link [LNKD] (IRQs 5 9 10 *11)
[    0.720640] ACPI: Enabled 2 GPEs in block 00 to 07
[    0.724850] vgaarb: setting as boot device: PCI:0000:00:02.0
[    0.728000] vgaarb: device added: PCI:0000:00:02.0,decodes=io+mem,owns=io+mem,locks=none
[    0.728031] vgaarb: loaded
[    0.732018] vgaarb: bridge control possible 0000:00:02.0
[    0.737321] SCSI subsystem initialized
[    0.740300] ACPI: bus type USB registered
[    0.744195] usbcore: registered new interface driver usbfs
[    0.748086] usbcore: registered new interface driver hub
[    0.752118] usbcore: registered new device driver usb
[    0.756330] PCI: Using ACPI for IRQ routing
[    0.761199] NetLabel: Initializing
[    0.764020] NetLabel:  domain hash size = 128
[    0.768020] NetLabel:  protocols = UNLABELED CIPSOv4
[    0.772087] NetLabel:  unlabeled traffic allowed by default
[    0.776254] amd_nb: Cannot enumerate AMD northbridges
[    0.780128] clocksource: Switched to clocksource kvm-clock
[    0.821005] AppArmor: AppArmor Filesystem Enabled
[    0.824665] pnp: PnP ACPI init
[    0.824665] pnp: PnP ACPI: found 3 devices
[    0.858259] clocksource: acpi_pm: mask: 0xffffff max_cycles: 0xffffff, max_idle_ns: 2085701024 ns
[    0.860476] NET: Registered protocol family 2
[    0.869538] TCP established hash table entries: 8192 (order: 4, 65536 bytes)
[    0.874603] TCP bind hash table entries: 8192 (order: 5, 131072 bytes)
[  0.878506] TCP: Hash tables configured (established 8192 bind 8192)
[    0.878506] UDP hash table entries: 512 (order: 2, 16384 bytes)
[    0.878506] UDP-Lite hash table entries: 512 (order: 2, 16384 bytes)
[    0.878506] NET: Registered protocol family 1
[    0.878506] pci 0000:00:00.0: Limiting direct PCI/PCI transfers
[    0.878506] pci 0000:00:01.0: Activating ISA DMA hang workarounds
[    0.878506] Unpacking initramfs...

[    1.798301] Freeing initrd memory: 15364K
[    1.802531] clocksource: tsc: mask: 0xffffffffffffffff max_cycles: 0x1fa702722d8, max_idle_ns: 440795227822 ns
[    1.804288] platform rtc_cmos: registered platform RTC device (no PNP device found)
[    1.804409] Scanning for low memory corruption every 60 seconds
[    1.805830] audit: initializing netlink subsys (disabled)
[    1.805886] audit: type=2000 audit(1532589123.697:1): initialized
[    1.806941] Initialise system trusted keyring
[    1.807383] HugeTLB registered 2 MB page size, pre-allocated 0 pages
[    1.814368] zbud: loaded
[    1.815566] VFS: Disk quotas dquot_6.6.0
[    1.815702] VFS: Dquot-cache hash table entries: 512 (order 0, 4096 bytes)
[    1.816978] squashfs: version 4.0 (2009/01/31) Phillip Lougher
[    1.818233] fuse init (API version 7.23)
[    1.818764] Key type big_key registered
[    1.818836] Allocating IMA MOK and blacklist keyrings.
[    1.820451] Key type asymmetric registered
[    1.820459] Asymmetric key parser 'x509' registered
[    1.820636] Block layer SCSI generic (bsg) driver version 0.4 loaded (major 249)
[    1.820748] io scheduler noop registered
[    1.820754] io scheduler deadline registered (default)
[    1.820901] io scheduler cfq registered
[    1.821327] pci_hotplug: PCI Hot Plug PCI Core version: 0.5
[    1.821349] pciehp: PCI Express Hot Plug Controller Driver version: 0.4
[    1.821892] ACPI: AC Adapter [AC] (on-line)
[    1.822161] input: Power Button as /devices/LNXSYSTM:00/LNXPWRBN:00/input/input0
[    1.822173] ACPI: Power Button [PWRF]
[    1.822486] input: Sleep Button as /devices/LNXSYSTM:00/LNXSLPBN:00/input/input1
[    1.822493] ACPI: Sleep Button [SLPF]
[    1.823288] GHES: HEST is not enabled!
[    1.823632] Serial: 8250/16550 driver, 32 ports, IRQ sharing enabled
[    1.857127] 00:02: ttyS0 at I/O 0x3f8 (irq = 4, base_baud = 115200) is a 16550A
[    1.866128] Linux agpgart interface v0.103
[    1.873272] ACPI: Battery Slot [BAT0] (battery present)
[    1.879536] loop: module loaded
[    1.882375] scsi host0: ata_piix
[    1.882752] scsi host1: ata_piix
[    1.882901] ata1: PATA max UDMA/33 cmd 0x1f0 ctl 0x3f6 bmdma 0xd000 irq 14
[    1.882905] ata2: PATA max UDMA/33 cmd 0x170 ctl 0x376 bmdma 0xd008 irq 15
[    1.883246] libphy: Fixed MDIO Bus: probed
[    1.883253] tun: Universal TUN/TAP device driver, 1.6
[    1.883255] tun: (C) 1999-2004 Max Krasnyansky <maxk@qualcomm.com>
[    1.884822] PPP generic driver version 2.4.2
[    1.885084] ehci_hcd: USB 2.0 'Enhanced' Host Controller (EHCI) Driver
[    1.885105] ehci-pci: EHCI PCI platform driver
[    1.885178] ehci-platform: EHCI generic platform driver
[    1.885211] ohci_hcd: USB 1.1 'Open' Host Controller (OHCI) Driver
[    1.885234] ohci-pci: OHCI PCI platform driver
[    1.885274] ohci-platform: OHCI generic platform driver
[    1.885302] uhci_hcd: USB Universal Host Controller Interface driver
[    1.885704] i8042: PNP: PS/2 Controller [PNP0303:PS2K,PNP0f03:PS2M] at 0x60,0x64 irq 1,12
[    1.887365] serio: i8042 KBD port at 0x60,0x64 irq 1
[    1.887389] serio: i8042 AUX port at 0x60,0x64 irq 12
[    1.888026] mousedev: PS/2 mouse device common for all mice
[    1.896662] rtc_cmos rtc_cmos: rtc core: registered rtc_cmos as rtc0
[    1.896979] rtc_cmos rtc_cmos: alarms up to one day, 114 bytes nvram
[    1.897022] i2c /dev entries driver
[    1.897265] device-mapper: uevent: version 1.0.3
[    1.897606] device-mapper: ioctl: 4.34.0-ioctl (2015-10-28) initialised: dm-devel@redhat.com
[    1.897669] ledtrig-cpu: registered to indicate activity on CPUs
[    1.898164] input: AT Translated Set 2 keyboard as /devices/platform/i8042/serio0/input/input2
[    1.900118] NET: Registered protocol family 10
[    1.901018] NET: Registered protocol family 17
[    1.901099] Key type dns_resolver registered
[    1.902264] registered taskstats version 1
[    1.902322] Loading compiled-in X.509 certificates
[    1.905821] Loaded X.509 cert 'Build time autogenerated kernel key: b3e0fe4bcd6378c38a2c0a4648abbc1fa5043a22'
[    1.905952] zswap: loaded using pool lzo/zbud
[    1.915288] Key type trusted registered
[    1.930956] Key type encrypted registered
[    1.930983] AppArmor: AppArmor sha1 policy hashing enabled
[    1.930995] ima: No TPM chip found, activating TPM-bypass!
[    1.931093] ima: Allocated hash algorithm: sha1
[    1.931154] evm: HMAC attrs: 0x1
[    1.932507]   Magic number: 10:317:168
[    1.937092] rtc_cmos rtc_cmos: setting system clock to 2018-07-26 07:11:53 UTC (1532589113)
[    1.937533] BIOS EDD facility v0.16 2004-Jun-25, 0 devices found
[    1.937535] EDD information not available.
[    2.339678] Freeing unused kernel memory: 1516K
[    2.360597] Write protecting the kernel read-only data: 14336k
[    2.374319] Freeing unused kernel memory: 1680K
[    2.382972] Freeing unused kernel memory: 96K
Loading, please wait...
starting version 229
[    2.464001] random: systemd-udevd: uninitialized urandom read (16 bytes read, 3 bits of entropy available)
[    2.467535] random: udevadm: uninitialized urandom read (16 bytes read, 3 bits of entropy available)
[    2.467864] random: udevadm: uninitialized urandom read (16 bytes read, 3 bits of entropy available)
[    2.531628] random: udevadm: uninitialized urandom read (16 bytes read, 3 bits of entropy available)
[    2.531843] random: udevadm: uninitialized urandom read (16 bytes read, 3 bits of entropy available)
[    2.532266] random: udevadm: uninitialized urandom read (16 bytes read, 3 bits of entropy available)
[    2.532266] random: udevadm: uninitialized urandom read (16 bytes read, 3 bits of entropy available)
[    2.533757] random: udevadm: uninitialized urandom read (16 bytes read, 3 bits of entropy available)
[    2.534146] random: udevadm: uninitialized urandom read (16 bytes read, 3 bits of entropy available)
[    2.534447] random: udevadm: uninitialized urandom read (16 bytes read, 3 bits of entropy available)
[    2.817536] e1000: Intel(R) PRO/1000 Network Driver - version 7.3.21-k8-NAPI
[    2.835708] e1000: Copyright (c) 1999-2006 Intel Corporation.
[    2.872731] Fusion MPT base driver 3.04.20
[    2.876104] Copyright (c) 1999-2008 LSI Corporation
[    2.899029] Fusion MPT SPI Host driver 3.04.20
[    3.029644] AVX version of gcm_enc/dec engaged.
[    3.033784] AES CTR mode by8 optimization enabled
[    3.112369] input: ImExPS/2 Generic Explorer Mouse as /devices/platform/i8042/serio1/input/input4
[    3.813140] e1000 0000:00:03.0 eth0: (PCI:33MHz:32-bit) 02:40:c1:fa:9b:f5
[    3.885001] e1000 0000:00:03.0 eth0: Intel(R) PRO/1000 Network Connection
[    3.901353] mptbase: ioc0: Initiating bringup
[    3.908381] e1000 0000:00:03.0 enp0s3: renamed from eth0
[    4.161019] ioc0: LSI53C1030 A0: Capabilities={Initiator}
[    5.088916] scsi host2: ioc0: LSI53C1030 A0, FwRev=00000000h, Ports=1, MaxQ=256, IRQ=20
[    5.738373] scsi 2:0:0:0: Direct-Access     VBOX     HARDDISK         1.0  PQ: 0 ANSI: 5
[    5.742114] scsi target2:0:0: Beginning Domain Validation
[    5.756626] scsi target2:0:0: Domain Validation skipping write tests
[    5.815311] scsi target2:0:0: Ending Domain Validation
[    5.822280] scsi target2:0:0: asynchronous
[    5.828987] scsi 2:0:1:0: Direct-Access     VBOX     HARDDISK         1.0  PQ: 0 ANSI: 5
[    5.837644] scsi target2:0:1: Beginning Domain Validation
[    5.849487] scsi target2:0:1: Domain Validation skipping write tests
[    5.855591] scsi target2:0:1: Ending Domain Validation
[    5.861305] scsi target2:0:1: asynchronous
[    5.893772] sd 2:0:0:0: [sda] 20971520 512-byte logical blocks: (10.7 GB/10.0 GiB)
[    5.902940] sd 2:0:0:0: Attached scsi generic sg0 type 0
[    5.908956] sd 2:0:0:0: [sda] Write Protect is off
[    5.915491] sd 2:0:1:0: Attached scsi generic sg1 type 0
[    5.930816] sd 2:0:0:0: [sda] Incomplete mode parameter data
[    5.931178] sd 2:0:1:0: [sdb] 20480 512-byte logical blocks: (10.5 MB/10.0 MiB)
[    5.932025] sd 2:0:1:0: [sdb] Write Protect is off
[    5.932601] sd 2:0:1:0: [sdb] Incomplete mode parameter data
[    5.932607] sd 2:0:1:0: [sdb] Assuming drive cache: write through
[    5.950183] sd 2:0:1:0: [sdb] Attached SCSI disk
[    5.970791] sd 2:0:0:0: [sda] Assuming drive cache: write through
[    5.996825]  sda: sda1
[    6.003789] sd 2:0:0:0: [sda] Attached SCSI disk
Begin: Loading essential drivers ... [    9.002638] md: linear personality registered for level -1
[    9.023661] md: multipath personality registered for level -4
[    9.046709] md: raid0 personality registered for level 0
[    9.068323] md: raid1 personality registered for level 1
[    9.156359] raid6: sse2x1   gen()   416 MB/s
[    9.228549] raid6: sse2x1   xor()  1260 MB/s
[    9.296539] raid6: sse2x2   gen()  1205 MB/s
[    9.364503] raid6: sse2x2   xor()  1175 MB/s
[    9.444116] raid6: sse2x4   gen()   750 MB/s
[    9.517490] raid6: sse2x4   xor()   915 MB/s
[    9.530222] raid6: using algorithm sse2x2 gen() 1205 MB/s
[    9.561640] raid6: .... xor() 1175 MB/s, rmw enabled
[    9.576452] raid6: using ssse3x2 recovery algorithm
[    9.604193] xor: automatically using best checksumming function:
[    9.648665]    avx       :  4428.000 MB/sec
[    9.661738] async_tx: api initialized (async)
[    9.710324] md: raid6 personality registered for level 6
[    9.719628] md: raid5 personality registered for level 5
[    9.723570] md: raid4 personality registered for level 4
[    9.749769] md: raid10 personality registered for level 10
done.
Begin: Running /scripts/init-premount ... done.
Begin: Mounting root file system ... Begin: Running /scripts/local-top ... done.
Begin: Running /scripts/local-premount ... [    9.894039] Btrfs loaded
Scanning for Btrfs filesystems
done.
Warning: fsck not present, so skipping root file system
[   10.046755] EXT4-fs (sda1): INFO: recovery required on readonly filesystem
[   10.050891] EXT4-fs (sda1): write access will be enabled during recovery
[   10.187833] EXT4-fs (sda1): recovery complete
[   10.199578] EXT4-fs (sda1): mounted filesystem with ordered data mode. Opts: (null)
done.
Begin: Running /scripts/local-bottom ... done.
Begin: Running /scripts/init-bottom ... done.
[   10.990647] random: nonblocking pool is initialized
[   11.107772] systemd[1]: systemd 229 running in system mode. (+PAM +AUDIT +SELINUX +IMA +APPARMOR +SMACK +SYSVINIT +UTMP +LIBCRYPTSETUP +GCRYPT +GNUTLS +ACL +XZ -LZ4 +SECCOMP +BLKID +ELFUTILS +KMOD -IDN)
[   11.136438] systemd[1]: Detected virtualization oracle.
[   11.142232] systemd[1]: Detected architecture x86-64.

Welcome to [1mUbuntu 16.04.4 LTS[0m!

[   11.197150] systemd[1]: Set hostname to <ubuntu-xenial>.
[   12.417618] systemd[1]: Listening on Journal Audit Socket.
[[0;32m  OK  [0m] Listening on Journal Audit Socket.
[   12.458462] systemd[1]: Created slice User and Session Slice.
[[0;32m  OK  [0m] Created slice User and Session Slice.
[   12.470428] systemd[1]: Listening on udev Kernel Socket.
[[0;32m  OK  [0m] Listening on udev Kernel Socket.
[   12.493269] systemd[1]: Listening on /dev/initctl Compatibility Named Pipe.
[[0;32m  OK  [0m] Listening on /dev/initctl Compatibility Named Pipe.
[   12.506196] systemd[1]: Listening on Journal Socket.
[[0;32m  OK  [0m] Listening on Journal Socket.
[   12.521856] systemd[1]: Started Forward Password Requests to Wall Directory Watch.
[[0;32m  OK  [0m] Started Forward Password Requests to Wall Directory Watch.
[   12.563235] systemd[1]: Listening on LVM2 poll daemon socket.
[[0;32m  OK  [0m] Listening on LVM2 poll daemon socket.
[   12.576040] systemd[1]: Listening on udev Control Socket.
[[0;32m  OK  [0m] Listening on udev Control Socket.
[   12.601106] systemd[1]: Listening on Syslog Socket.
[[0;32m  OK  [0m] Listening on Syslog Socket.
[   12.613723] systemd[1]: Reached target Encrypted Volumes.
[[0;32m  OK  [0m] Reached target Encrypted Volumes.
[   12.624760] systemd[1]: Reached target System Time Synchronized.
[[0;32m  OK  [0m] Reached target System Time Synchronized.
[   12.637524] systemd[1]: Set up automount Arbitrary Executable File Formats File System Automount Point.
[[0;32m  OK  [0m] Set up automount Arbitrary Executab...ats File System Automount Point.
[   12.654261] systemd[1]: Listening on LVM2 metadata daemon socket.
[[0;32m  OK  [0m] Listening on LVM2 metadata daemon socket.
[   12.665908] systemd[1]: Reached target User and Group Name Lookups.
[[0;32m  OK  [0m] Reached target User and Group Name Lookups.
[   12.678345] systemd[1]: Listening on Journal Socket (/dev/log).
[[0;32m  OK  [0m] Listening on Journal Socket (/dev/log).
[   12.689318] systemd[1]: Reached target Swap.
[[0;32m  OK  [0m] Reached target Swap.
[   12.700525] systemd[1]: Started Trigger resolvconf update for networkd DNS.
[[0;32m  OK  [0m] Started Trigger resolvconf update for networkd DNS.
[   12.714664] systemd[1]: Created slice System Slice.
[[0;32m  OK  [0m] Created slice System Slice.
[   12.741308] systemd[1]: Mounting POSIX Message Queue File System...
         Mounting POSIX Message Queue File System...
[   12.760370] systemd[1]: Created slice system-serial\x2dgetty.slice.
[[0;32m  OK  [0m] Created slice system-serial\x2dgetty.slice.
[   12.773190] systemd[1]: Reached target Slices.
[[0;32m  OK  [0m] Reached target Slices.
[   12.805175] systemd[1]: Starting Nameserver information manager...
         Starting Nameserver information manager...
[   12.825117] systemd[1]: Mounting Debug File System...
         Mounting Debug File System...
[   12.889497] systemd[1]: Starting Create list of required static device nodes for the current kernel...
         Starting Create list of required st... nodes for the current kernel...
[   12.924244] systemd[1]: Starting Set console keymap...
         Starting Set console keymap...
[   12.941533] systemd[1]: Starting Remount Root and Kernel File Systems...
         Starting Remount Root and Kernel File Systems...
[   12.960686] systemd[1]: Starting Journal Service...
         Starting Journal[   12.982473] EXT4-fs (sda1): re-mounted. Opts: (null)
 Service...
[   13.036073] systemd[1]: Mounting Huge Pages File System...
         Mounting Huge Pages File System...
[   13.067729] systemd[1]: Listening on Device-mapper event daemon FIFOs.
[[0;32m  OK  [0m] Listening on Device-mapper event daemon FIFOs.
[   13.093405] systemd[1]: Starting Monitoring of LVM2 mirrors, snapshots etc. using dmeventd or progress polling...
         Starting Monitoring of LVM2 mirrors... dmeventd or progress polling...
[   13.123044] systemd[1]: Starting Uncomplicated firewall...
         Starting Uncomplicated firewall...
[   13.305067] systemd[1]: Starting Load Kernel Modules...
         Starting Load Kernel Modules...
[   13.322946] systemd[1]: Mounted Debug File System.
[[0;32m  OK  [0m] Mounted Debug File System.
[   13.338787] systemd[1]: Mounted POSIX Message Queue File System.
[[0;32m  OK  [0m] Mounted POSIX Message Queue File System.
[   13.357605] systemd[1]: Mounted Huge Pages File System.
[[0;32m  OK  [0m] Mounted Huge Pages File System.
[   13.409831] systemd[1]: Started Create list of required static device nodes for the current kernel.
[[0;32m  OK  [0m] Started Create list of required sta...ce nodes for the current kernel.
[   13.498066] systemd[1]: Started Set console keymap.
[[0;32m  OK  [0[   13.519280] Loading iSCSI transport class v2.0-870.
m] Started Set console keymap.
[   13.542525] systemd[1]: Started Remount Root and Kernel File Systems.
[[0;32m  OK  [0m] Started Remount Root and Kernel File Systems.
[   13.556399] systemd[1]: Started Uncomplicated firewall.
[[0;32m  OK  [0m] Started Uncomplicated firewall.
[   13.585947] systemd[1]: Started Nameserver information manager.
[   13.597189] iscsi: registered transport (tcp)
[[0;32m  OK  [0m] Started Nameserver information manager.
[  13.636872] systemd[1]: Started Journal Service.

[[0;32m  OK  [0m] Started Journal Service.
[[0;32m  OK  [0m] Started LVM2 metadata daemon.
         Starting Load/Save Random Seed...
         Starting Flush Journal to Persistent Storage...
         Starting udev Coldplug all Devices...
         Starting Create Static Device Nodes in /dev...
[[0;32m  OK  [0m] Started Load/Save Random Seed.
[   14.099231] systemd-journald[393]: Received request to flush runtime journal from PID 1
[   14.138109] iscsi: registered transport (iser)
[[0;32m  OK  [0m] Started Flush Journal to Persistent Storage.
[[0;32m  OK  [0m] Started Load Kernel Modules.
         Starting Apply Kernel Variables...
         Mounting FUSE Control File System...
[[0;32m  OK  [0m] Mounted FUSE Control File System.
[[0;32m  OK  [0m] Started Monitoring of LVM2 mirrors,...ng dmeventd or progress polling.
[[0;32m  OK  [0m] Started Create Static Device Nodes in /dev.
[[0;32m  OK  [0m] Started udev Coldplug all Devices.
[[0;32m  OK  [0m] Started Apply Kernel Variables.
         Starting udev Kernel Device Manager...
[[0;32m  OK  [0m] Started udev Kernel Device Manager.
[[0;32m  OK  [0m] Reached target Local File Systems (Pre).
[[0;32m  OK  [0m] Reached target Local File Systems.
         Starting LSB: AppArmor initialization...
         Starting Set console font and keymap...
         Starting Initial cloud-init job (pre-networking)...
         Starting Create Volatile Files and Directories...
         Starting Tell Plymouth To Write Out Runtime Data...
[[0;32m  OK  [0m] Started Dispatch Password Requests to Console Directory Watch.
[[0;32m  OK  [0m] Started Create Volatile Files and Directories.
[[0;32m  OK  [0m] Started Tell Plymouth To Write Out Runtime Data.
         Starting Update UTMP about System Boot/Shutdown...
[[0;32m  OK  [0m] Started Update UTMP about System Boot/Shutdown.
[[0;32m  OK  [0m] Found device /dev/ttyS0.
[[0;32m  OK  [0m] Started LSB: AppArmor initialization.
[[0;32m  OK  [0m] Found device 82540EM Gigabit Ethern...r (PRO/1000 MT Desktop Adapter).
[[0;32m  OK  [0m] Listening on Load/Save RF Kill Switch Status /dev/rfkill Watch.
[[0;32m  OK  [0m] Started Set console font and keymap.
[[0;32m  OK  [0m] Created slice system-getty.slice.
[   23.547853] cloud-init[495]: Cloud-init v. 18.2 running 'init-local' at Thu, 26 Jul 2018 07:12:13 +0000. Up 21.75 seconds.
[[0;32m  OK  [0m] Started Initial cloud-init job (pre-networking).
[[0;32m  OK  [0m] Reached target Network (Pre).
[[0;32m  OK  [0m] Started ifup for enp0s3.
         Starting Raise network interfaces...
[[0;32m  OK  [0m] Started Raise network interfaces.
[[0;32m  OK  [0m] Reached target Network.
         Starting Initial cloud-init job (metadata service crawler)...
[   27.980462] cloud-init[1003]: Cloud-init v. 18.2 running 'init' at Thu, 26 Jul 2018 07:12:17 +0000. Up 26.29 seconds.
[   27.987887] cloud-init[1003]: ci-info: +++++++++++++++++++++++++++++++++++++Net device info++++++++++++++++++++++++++++++++++++++
[   27.993129] cloud-init[1003]: ci-info: +--------+------+----------------------------+---------------+-------+-------------------+
[   27.998607] cloud-init[1003]: ci-info: | Device |  Up  |          Address           |      Mask     | Scope |     Hw-Address    |
[   28.003852] cloud-init[1003]: ci-info: +--------+------+----------------------------+---------------+-------+-------------------+
[   28.009392] cloud-init[1003]: ci-info: | enp0s3 | True |         10.0.2.15          | 255.255.255.0 |   .   | 02:40:c1:fa:9b:f5 |
[   28.015104] cloud-init[1003]: ci-info: | enp0s3 | True | fe80::40:c1ff:fefa:9bf5/64 |       .       |  link | 02:40:c1:fa:9b:f5 |
[   28.048867] cloud-init[1003]: ci-info: |   lo   | True |         127.0.0.1          |   255.0.0.0   |   .   |         .         |
[   28.054081] cloud-init[1003]: ci-info: |   lo   | True |          ::1/128           |       .       |  host |         .         |
[   28.059343] cloud-init[1003]: ci-info: +--------+------+----------------------------+---------------+-------+-------------------+
[   28.066990] cloud-init[1003]: ci-info: +++++++++++++++++++++++++++Route IPv4 info++++++++++++++++++++++++++++
[   28.083193] cloud-init[1003]: ci-info: +-------+-------------+----------+---------------+-----------+-------+
[   28.119600] cloud-init[1003]: ci-info: | Route | Destination | Gateway  |    Genmask    | Interface | Flags |
[   28.132565] cloud-init[1003]: ci-info: +-------+-------------+----------+---------------+-----------+-------+
[   28.151864] cloud-init[1003]: ci-info: |   0   |   0.0.0.0   | 10.0.2.2 |    0.0.0.0    |   enp0s3  |   UG  |
[   28.156932] cloud-init[1003]: ci-info: |   1   |   10.0.2.0  | 0.0.0.0  | 255.255.255.0 |   enp0s3  |   U   |
[   28.162049] cloud-init[1003]: ci-info: +-------+-------------+----------+---------------+-----------+-------+
[[0;32m  OK  [0m] Started Initial cloud-init job (metadata service crawler).
[[0;32m  OK  [0m] Reached target Network is Online.
         Starting iSCSI initiator daemon (iscsid)...
[[0;32m  OK  [0m] Reached target System Initialization.
[[0;32m  OK  [0m] Started Daily apt download activities.
[[0;32m  OK  [0m] Listening on ACPID Listen Socket.
         Starting Socket activation for snappy daemon.
[[0;32m  OK  [0m] Started ACPI Events Check.
[[0;32m  OK  [0m] Reached target Paths.
[[0;32m  OK  [0m] Listening on D-Bus System Message Bus Socket.
[[0;32m  OK  [0m] Started Daily apt upgrade and clean activities.
[[0;32m  OK  [0m] Listening on UUID daemon activation socket.
         Starting LXD - unix socket.
[[0;32m  OK  [0m] Started Daily Cleanup of Temporary Directories.
[[0;32m  OK  [0m] Reached target Timers.
[[0;32m  OK  [0m] Reached target Cloud-config availability.
[[0;32m  OK  [0m] Listening on Socket activation for snappy daemon.
[[0;32m  OK  [0m] Listening on LXD - unix socket.
[[0;32m  OK  [0m] Started iSCSI initiator daemon (iscsid).
         Starting Login to default iSCSI targets...
[[0;32m  OK  [0m] Reached target Sockets.
[[0;32m  OK  [0m] Reached target Basic System.
         Starting /etc/rc.local Compatibility...
[[0;32m  OK  [0m] Started FUSE filesystem for LXC.
[[0;32m  OK  [0m] Started D-Bus System Message Bus.
         Starting LSB: Record successful boot for GRUB...
[[0;32m  OK  [0m] Started Deferred execution scheduler.
         Starting LSB: MD monitoring daemon...
[[0;32m  OK  [0m] Started Regular background program processing daemon.
         Starting Accounts Service...
[[0;32m  OK  [0m] Started Unattended Upgrades Shutdown.
[[0;32m  OK  [0m] Started ACPI event daemon.
         Starting Apply the settings specified in cloud-config...
         Starting LXD - container startup/shutdown...
         Starting Login Service...
         Starting System Logging Service...
         Starting Virtualbox guest utils...
         Starting OpenBSD Secure Shell server...
         Starting Snappy daemon...
[[0;32m  OK  [0m] Started /etc/rc.local Compatibility.
[[0;32m  OK  [0m] Started Login Service.
[[0;32m  OK  [0m] Started LSB: Record successful boot for GRUB.
[[0;32m  OK  [0m] Started Login to default iSCSI targets.
[[0;32m  OK  [0m] Started System Logging Service.
[[0;32m  OK  [0m] Started LSB: MD monitoring daemon.
[[0;32m  OK  [0m] Reached target Remote File Systems (Pre).
[[0;32m  OK  [0m] Reached target Remote File Systems.
         Starting LSB: automatic crash report generation...
         Starting Permit User Sessions...
         Starting LSB: daemon to balance interrupts for SMP systems...
         Starting LSB: Set the CPU Frequency Scaling governor to "ondemand"...
[[0;32m  OK  [0m] Started Permit User Sessions.
         Starting Authenticate and Authorize Users to Run Privileged Tasks...
         Starting Hold until boot process finishes up...
         Starting Terminate Plymouth Boot Screen...
[[0;32m  OK  [0m] Started OpenBSD Secure Shell server.
[[0;32m  OK  [0m] Started LSB: automatic crash report generation.
[[0;32m  OK  [0m] Started LSB: daemon to balance interrupts for SMP systems.
[[0;32m  OK  [0m] Started LSB: Set the CPU Frequency Scaling governor to "ondemand".
[[0;32m  OK  [0m] Started Hold until boot process finishes up.
[[0;32m  OK  [0m] Started Terminate Plymouth Boot Screen.
         Starting Set console scheme...
[[0;32m  OK  [0m] Started Serial Getty on ttyS0.
[[0;32m  OK  [0m] Started Getty on tty1.
[[0;32m  OK  [0m] Reached target Login Prompts.
[[0;32m  OK  [0m] Started Set console scheme.
[[0;32m  OK  [0m] Started Authenticate and Authorize Users to Run Privileged Tasks.
[[0;32m  OK  [0m] Started Virtualbox guest utils.
[[0;32m  OK  [0m] Started Accounts Service.
[   31.320851] cloud-init[1095]: Cloud-init v. 18.2 running 'modules:config' at Thu, 26 Jul 2018 07:12:21 +0000. Up 30.22 seconds.
[[0;32m  OK  [0m] Started Apply the settings specified in cloud-config.
[[0;32m  OK  [0m] Started LXD - container startup/shutdown.
[[0;32m  OK  [0m] Started Snappy daemon.
         Starting Wait until snapd is fully seeded...
[[0;32m  OK  [0m] Started Wait until snapd is fully seeded.
[[0;32m  OK  [0m] Reached target Multi-User System.
         Starting Execute cloud user/final scripts...
[[0;32m  OK  [0m] Reached target Graphical Interface.
         Starting Update UTMP about System Runlevel Changes...
[[0;32m  OK  [0m] Started Update UTMP about System Runlevel Changes.
[[0;32m  OK  [0m] Created slice User Slice of vagrant.
         Starting User Manager for UID 1000...
[[0;32m  OK  [0m] Started Session 1 of user vagrant.
[[0;32m  OK  [0m] Started User Manager for UID 1000.
[   35.154688] cloud-init[1243]: Cloud-init v. 18.2 running 'modules:final' at Thu, 26 Jul 2018 07:12:25 +0000. Up 34.29 seconds.
[   35.207847] cloud-init[1243]: Cloud-init v. 18.2 finished at Thu, 26 Jul 2018 07:12:26 +0000. Datasource DataSourceNoCloud [seed=/dev/sdb][dsmode=net].  Up 35.09 seconds
[[0;32m  OK  [0m] Started Execute cloud user/final scripts.

Ubuntu 16.04.4 LTS ubuntu-xenial ttyS0

ubuntu-xenial login: [[0;32m  OK  [0m] Started ACPI event daemon.
[[0;32m  OK  [0m] Started ACPI event daemon.
[[0;32m  OK  [0m] Started ACPI event daemon.
         Stopping Authenticate and Authorize Users to Run Privileged Tasks...
[[0;32m  OK  [0m] Stopped Authenticate and Authorize Users to Run Privileged Tasks.
         Starting Authenticate and Authorize Users to Run Privileged Tasks...
[[0;32m  OK  [0m] Started Authenticate and Authorize Users to Run Privileged Tasks.
[[0;32m  OK  [0m] Started Daily apt upgrade and clean activities.
